<?xml version="1.0" encoding="UTF-8"?>
<!-- Generated by org.testng.reporters.JUnitXMLReporter -->
<testsuite ignored="0" hostname="SSHQNL-NB974" failures="0" tests="2" name="Default test" time="5.225" errors="0" timestamp="2022-06-26T00:10:43 CEST">
  <testcase classname="AssignmentTest.ApiChallengeNegativeTest" name="testValidateFormatOfEmailsInCommentsSectionForAllPostsOfAUserNegative" time="3.462"/>
  <testcase classname="AssignmentTest.ApiChallengeTest" name="testValidateFormatOfEmailsInCommentsSectionForAllPostsOfAUser" time="1.694"/>
</testsuite> <!-- Default test -->
