<?xml version="1.0" encoding="UTF-8"?>
<testng-results ignored="0" total="2" passed="2" failed="0" skipped="0">
  <reporter-output>
  </reporter-output>
  <suite started-at="2022-06-26T00:10:38 CEST" name="Default suite" finished-at="2022-06-26T00:10:43 CEST" duration-ms="5225">
    <groups>
    </groups>
    <test started-at="2022-06-26T00:10:38 CEST" name="Default test" finished-at="2022-06-26T00:10:43 CEST" duration-ms="5225">
      <class name="AssignmentTest.ApiChallengeNegativeTest">
        <test-method signature="testValidateFormatOfEmailsInCommentsSectionForAllPostsOfAUserNegative()[pri:0, instance:AssignmentTest.ApiChallengeNegativeTest@31d7b7bf]" started-at="2022-06-26T00:10:38 CEST" name="testValidateFormatOfEmailsInCommentsSectionForAllPostsOfAUserNegative" finished-at="2022-06-26T00:10:42 CEST" duration-ms="3462" status="PASS">
          <reporter-output>
          </reporter-output>
        </test-method> <!-- testValidateFormatOfEmailsInCommentsSectionForAllPostsOfAUserNegative -->
      </class> <!-- AssignmentTest.ApiChallengeNegativeTest -->
      <class name="AssignmentTest.ApiChallengeTest">
        <test-method signature="testValidateFormatOfEmailsInCommentsSectionForAllPostsOfAUser()[pri:0, instance:AssignmentTest.ApiChallengeTest@1817d444]" started-at="2022-06-26T00:10:42 CEST" name="testValidateFormatOfEmailsInCommentsSectionForAllPostsOfAUser" finished-at="2022-06-26T00:10:43 CEST" duration-ms="1694" status="PASS">
          <reporter-output>
          </reporter-output>
        </test-method> <!-- testValidateFormatOfEmailsInCommentsSectionForAllPostsOfAUser -->
      </class> <!-- AssignmentTest.ApiChallengeTest -->
    </test> <!-- Default test -->
  </suite> <!-- Default suite -->
</testng-results>
